# JRE version: OpenJDK Runtime Environment Temurin-17.0.2+8 (17.0.2+8) (build 17.0.2+8)
# Java VM: OpenJDK 64-Bit Server VM Temurin-17.0.2+8 (17.0.2+8, mixed mode, emulated-client, tiered, compressed oops, compressed class ptrs, g1 gc, windows-amd64)
GC Precious Log:
 CPUs: 4 total, 4 available
 Memory: 2188M
 Large Page Support: Disabled
 NUMA Support: Disabled
 Compressed Oops: Enabled (32-bit)
 Heap Region Size: 1M
 Heap Min Capacity: 8M
 Heap Initial Capacity: 36M
 Heap Max Capacity: 548M
 Pre-touch: Disabled
 Parallel Workers: 4
 Concurrent Workers: 1
 Concurrent Refinement Workers: 4
 Periodic GC: Disabled
Heap:
 garbage-first heap   total 55296K, used 23984K [0x00000000ddc00000, 0x0000000100000000)
  region size 1024K, 3 young (3072K), 2 survivors (2048K)
 Metaspace       used 60278K, committed 60672K, reserved 1105920K
  class space    used 8187K, committed 8384K, reserved 1048576K
GC Heap History (20 events):
Event: 9.307 GC heap before
{Heap before GC invocations=9 (full 0):
 garbage-first heap   total 36864K, used 24628K [0x00000000ddc00000, 0x0000000100000000)
  region size 1024K, 16 young (16384K), 2 survivors (2048K)
 Metaspace       used 29197K, committed 29504K, reserved 1081344K
  class space    used 3566K, committed 3712K, reserved 1048576K
}
Event: 9.312 GC heap after
{Heap after GC invocations=10 (full 0):
 garbage-first heap   total 36864K, used 12122K [0x00000000ddc00000, 0x0000000100000000)
  region size 1024K, 2 young (2048K), 2 survivors (2048K)
 Metaspace       used 29197K, committed 29504K, reserved 1081344K
  class space    used 3566K, committed 3712K, reserved 1048576K
}
Event: 9.704 GC heap before
{Heap before GC invocations=10 (full 0):
 garbage-first heap   total 36864K, used 26458K [0x00000000ddc00000, 0x0000000100000000)
  region size 1024K, 16 young (16384K), 2 survivors (2048K)
 Metaspace       used 30352K, committed 30656K, reserved 1081344K
  class space    used 3761K, committed 3904K, reserved 1048576K
}
Event: 9.709 GC heap after
{Heap after GC invocations=11 (full 0):
 garbage-first heap   total 55296K, used 12930K [0x00000000ddc00000, 0x0000000100000000)
  region size 1024K, 2 young (2048K), 2 survivors (2048K)
 Metaspace       used 30352K, committed 30656K, reserved 1081344K
  class space    used 3761K, committed 3904K, reserved 1048576K
}
Event: 10.654 GC heap before
{Heap before GC invocations=11 (full 0):
 garbage-first heap   total 55296K, used 39554K [0x00000000ddc00000, 0x0000000100000000)
  region size 1024K, 29 young (29696K), 2 survivors (2048K)
 Metaspace       used 33755K, committed 34048K, reserved 1081344K
  class space    used 4263K, committed 4416K, reserved 1048576K
}
Event: 10.660 GC heap after
{Heap after GC invocations=12 (full 0):
 garbage-first heap   total 55296K, used 14710K [0x00000000ddc00000, 0x0000000100000000)
  region size 1024K, 4 young (4096K), 4 survivors (4096K)
 Metaspace       used 33755K, committed 34048K, reserved 1081344K
  class space    used 4263K, committed 4416K, reserved 1048576K
}
Event: 11.126 GC heap before
{Heap before GC invocations=12 (full 0):
 garbage-first heap   total 55296K, used 29046K [0x00000000ddc00000, 0x0000000100000000)
  region size 1024K, 19 young (19456K), 4 survivors (4096K)
 Metaspace       used 35799K, committed 36096K, reserved 1081344K
  class space    used 4606K, committed 4736K, reserved 1048576K
}
Event: 11.134 GC heap after
{Heap after GC invocations=13 (full 0):
 garbage-first heap   total 55296K, used 16309K [0x00000000ddc00000, 0x0000000100000000)
  region size 1024K, 4 young (4096K), 4 survivors (4096K)
 Metaspace       used 35799K, committed 36096K, reserved 1081344K
  class space    used 4606K, committed 4736K, reserved 1048576K
}
Event: 11.882 GC heap before
{Heap before GC invocations=14 (full 0):
 garbage-first heap   total 55296K, used 40885K [0x00000000ddc00000, 0x0000000100000000)
  region size 1024K, 28 young (28672K), 4 survivors (4096K)
 Metaspace       used 38936K, committed 39296K, reserved 1089536K
  class space    used 5005K, committed 5184K, reserved 1048576K
}
Event: 11.893 GC heap after
{Heap after GC invocations=15 (full 0):
 garbage-first heap   total 55296K, used 18195K [0x00000000ddc00000, 0x0000000100000000)
  region size 1024K, 4 young (4096K), 4 survivors (4096K)
 Metaspace       used 38936K, committed 39296K, reserved 1089536K
  class space    used 5005K, committed 5184K, reserved 1048576K
}
Event: 13.502 GC heap before
{Heap before GC invocations=15 (full 0):
 garbage-first heap   total 55296K, used 41747K [0x00000000ddc00000, 0x0000000100000000)
  region size 1024K, 27 young (27648K), 4 survivors (4096K)
 Metaspace       used 45911K, committed 46272K, reserved 1089536K
  class space    used 5856K, committed 6016K, reserved 1048576K
}
Event: 13.516 GC heap after
{Heap after GC invocations=16 (full 0):
 garbage-first heap   total 55296K, used 20315K [0x00000000ddc00000, 0x0000000100000000)
  region size 1024K, 4 young (4096K), 4 survivors (4096K)
 Metaspace       used 45911K, committed 46272K, reserved 1089536K
  class space    used 5856K, committed 6016K, reserved 1048576K
}
Event: 14.333 GC heap before
{Heap before GC invocations=16 (full 0):
 garbage-first heap   total 55296K, used 41819K [0x00000000ddc00000, 0x0000000100000000)
  region size 1024K, 26 young (26624K), 4 survivors (4096K)
 Metaspace       used 49503K, committed 49920K, reserved 1097728K
  class space    used 6412K, committed 6592K, reserved 1048576K
}
Event: 14.346 GC heap after
{Heap after GC invocations=17 (full 0):
 garbage-first heap   total 55296K, used 21454K [0x00000000ddc00000, 0x0000000100000000)
  region size 1024K, 2 young (2048K), 2 survivors (2048K)
 Metaspace       used 49503K, committed 49920K, reserved 1097728K
  class space    used 6412K, committed 6592K, reserved 1048576K
}
Event: 15.391 GC heap before
{Heap before GC invocations=17 (full 0):
 garbage-first heap   total 55296K, used 42958K [0x00000000ddc00000, 0x0000000100000000)
  region size 1024K, 23 young (23552K), 2 survivors (2048K)
 Metaspace       used 54415K, committed 54784K, reserved 1097728K
  class space    used 7223K, committed 7424K, reserved 1048576K
}
Event: 15.405 GC heap after
{Heap after GC invocations=18 (full 0):
 garbage-first heap   total 55296K, used 22371K [0x00000000ddc00000, 0x0000000100000000)
  region size 1024K, 3 young (3072K), 3 survivors (3072K)
 Metaspace       used 54415K, committed 54784K, reserved 1097728K
  class space    used 7223K, committed 7424K, reserved 1048576K
}
Event: 16.252 GC heap before
{Heap before GC invocations=18 (full 0):
 garbage-first heap   total 55296K, used 42851K [0x00000000ddc00000, 0x0000000100000000)
  region size 1024K, 23 young (23552K), 3 survivors (3072K)
 Metaspace       used 58462K, committed 58880K, reserved 1105920K
  class space    used 7902K, committed 8128K, reserved 1048576K
}
Event: 16.262 GC heap after
{Heap after GC invocations=19 (full 0):
 garbage-first heap   total 55296K, used 23450K [0x00000000ddc00000, 0x0000000100000000)
  region size 1024K, 3 young (3072K), 3 survivors (3072K)
 Metaspace       used 58462K, committed 58880K, reserved 1105920K
  class space    used 7902K, committed 8128K, reserved 1048576K
}
Event: 16.704 GC heap before
{Heap before GC invocations=19 (full 0):
 garbage-first heap   total 55296K, used 37786K [0x00000000ddc00000, 0x0000000100000000)
  region size 1024K, 18 young (18432K), 3 survivors (3072K)
 Metaspace       used 60219K, committed 60608K, reserved 1105920K
  class space    used 8179K, committed 8384K, reserved 1048576K
}
Event: 16.715 GC heap after
{Heap after GC invocations=20 (full 0):
 garbage-first heap   total 55296K, used 23984K [0x00000000ddc00000, 0x0000000100000000)
  region size 1024K, 2 young (2048K), 2 survivors (2048K)
 Metaspace       used 60219K, committed 60608K, reserved 1105920K
  class space    used 8179K, committed 8384K, reserved 1048576K
}

